Determining if the pthread_create exist failed with the following output:
Change Dir: /home/yuchen/SLAMbook/ch6/g2o-curve-fitting/cmake-build-debug/CMakeFiles/CMakeTmp

Run Build Command:"/usr/bin/make" "cmTC_f1191/fast"
/usr/bin/make -f CMakeFiles/cmTC_f1191.dir/build.make CMakeFiles/cmTC_f1191.dir/build
make[1]: Entering directory '/home/yuchen/SLAMbook/ch6/g2o-curve-fitting/cmake-build-debug/CMakeFiles/CMakeTmp'
Building C object CMakeFiles/cmTC_f1191.dir/CheckSymbolExists.c.o
/usr/bin/cc   -fPIC    -o CMakeFiles/cmTC_f1191.dir/CheckSymbolExists.c.o   -c /home/yuchen/SLAMbook/ch6/g2o-curve-fitting/cmake-build-debug/CMakeFiles/CMakeTmp/CheckSymbolExists.c
Linking C executable cmTC_f1191
/home/yuchen/clion-2017.3.1/bin/cmake/bin/cmake -E cmake_link_script CMakeFiles/cmTC_f1191.dir/link.txt --verbose=1
/usr/bin/cc -fPIC     -rdynamic CMakeFiles/cmTC_f1191.dir/CheckSymbolExists.c.o  -o cmTC_f1191 
CMakeFiles/cmTC_f1191.dir/CheckSymbolExists.c.o: In function `main':
CheckSymbolExists.c:(.text+0x1b): undefined reference to `pthread_create'
collect2: error: ld returned 1 exit status
CMakeFiles/cmTC_f1191.dir/build.make:97: recipe for target 'cmTC_f1191' failed
make[1]: *** [cmTC_f1191] Error 1
make[1]: Leaving directory '/home/yuchen/SLAMbook/ch6/g2o-curve-fitting/cmake-build-debug/CMakeFiles/CMakeTmp'
Makefile:126: recipe for target 'cmTC_f1191/fast' failed
make: *** [cmTC_f1191/fast] Error 2

File /home/yuchen/SLAMbook/ch6/g2o-curve-fitting/cmake-build-debug/CMakeFiles/CMakeTmp/CheckSymbolExists.c:
/* */
#include <pthread.h>

int main(int argc, char** argv)
{
  (void)argv;
#ifndef pthread_create
  return ((int*)(&pthread_create))[argc];
#else
  (void)argc;
  return 0;
#endif
}

Determining if the function pthread_create exists in the pthreads failed with the following output:
Change Dir: /home/yuchen/SLAMbook/ch6/g2o-curve-fitting/cmake-build-debug/CMakeFiles/CMakeTmp

Run Build Command:"/usr/bin/make" "cmTC_6b4c1/fast"
/usr/bin/make -f CMakeFiles/cmTC_6b4c1.dir/build.make CMakeFiles/cmTC_6b4c1.dir/build
make[1]: Entering directory '/home/yuchen/SLAMbook/ch6/g2o-curve-fitting/cmake-build-debug/CMakeFiles/CMakeTmp'
Building C object CMakeFiles/cmTC_6b4c1.dir/CheckFunctionExists.c.o
/usr/bin/cc   -fPIC -DCHECK_FUNCTION_EXISTS=pthread_create   -o CMakeFiles/cmTC_6b4c1.dir/CheckFunctionExists.c.o   -c /home/yuchen/clion-2017.3.1/bin/cmake/share/cmake-3.9/Modules/CheckFunctionExists.c
Linking C executable cmTC_6b4c1
/home/yuchen/clion-2017.3.1/bin/cmake/bin/cmake -E cmake_link_script CMakeFiles/cmTC_6b4c1.dir/link.txt --verbose=1
/usr/bin/cc -fPIC -DCHECK_FUNCTION_EXISTS=pthread_create    -rdynamic CMakeFiles/cmTC_6b4c1.dir/CheckFunctionExists.c.o  -o cmTC_6b4c1 -lpthreads 
/usr/bin/ld: cannot find -lpthreads
collect2: error: ld returned 1 exit status
CMakeFiles/cmTC_6b4c1.dir/build.make:97: recipe for target 'cmTC_6b4c1' failed
make[1]: *** [cmTC_6b4c1] Error 1
make[1]: Leaving directory '/home/yuchen/SLAMbook/ch6/g2o-curve-fitting/cmake-build-debug/CMakeFiles/CMakeTmp'
Makefile:126: recipe for target 'cmTC_6b4c1/fast' failed
make: *** [cmTC_6b4c1/fast] Error 2


