Determining if the pthread_create exist failed with the following output:
Change Dir: /home/yuchen/SLAMbook/ch5/joinMap/cmake-build-debug/CMakeFiles/CMakeTmp

Run Build Command:"/usr/bin/make" "cmTC_98ec5/fast"
/usr/bin/make -f CMakeFiles/cmTC_98ec5.dir/build.make CMakeFiles/cmTC_98ec5.dir/build
make[1]: Entering directory '/home/yuchen/SLAMbook/ch5/joinMap/cmake-build-debug/CMakeFiles/CMakeTmp'
Building C object CMakeFiles/cmTC_98ec5.dir/CheckSymbolExists.c.o
/usr/bin/cc   -fPIC    -o CMakeFiles/cmTC_98ec5.dir/CheckSymbolExists.c.o   -c /home/yuchen/SLAMbook/ch5/joinMap/cmake-build-debug/CMakeFiles/CMakeTmp/CheckSymbolExists.c
Linking C executable cmTC_98ec5
/home/yuchen/clion-2017.3.1/bin/cmake/bin/cmake -E cmake_link_script CMakeFiles/cmTC_98ec5.dir/link.txt --verbose=1
/usr/bin/cc -fPIC     CMakeFiles/cmTC_98ec5.dir/CheckSymbolExists.c.o  -o cmTC_98ec5 
CMakeFiles/cmTC_98ec5.dir/CheckSymbolExists.c.o: In function `main':
CheckSymbolExists.c:(.text+0x1b): undefined reference to `pthread_create'
collect2: error: ld returned 1 exit status
CMakeFiles/cmTC_98ec5.dir/build.make:97: recipe for target 'cmTC_98ec5' failed
make[1]: *** [cmTC_98ec5] Error 1
make[1]: Leaving directory '/home/yuchen/SLAMbook/ch5/joinMap/cmake-build-debug/CMakeFiles/CMakeTmp'
Makefile:126: recipe for target 'cmTC_98ec5/fast' failed
make: *** [cmTC_98ec5/fast] Error 2

File /home/yuchen/SLAMbook/ch5/joinMap/cmake-build-debug/CMakeFiles/CMakeTmp/CheckSymbolExists.c:
/* */
#include <pthread.h>

int main(int argc, char** argv)
{
  (void)argv;
#ifndef pthread_create
  return ((int*)(&pthread_create))[argc];
#else
  (void)argc;
  return 0;
#endif
}

Determining if the function pthread_create exists in the pthreads failed with the following output:
Change Dir: /home/yuchen/SLAMbook/ch5/joinMap/cmake-build-debug/CMakeFiles/CMakeTmp

Run Build Command:"/usr/bin/make" "cmTC_657da/fast"
/usr/bin/make -f CMakeFiles/cmTC_657da.dir/build.make CMakeFiles/cmTC_657da.dir/build
make[1]: Entering directory '/home/yuchen/SLAMbook/ch5/joinMap/cmake-build-debug/CMakeFiles/CMakeTmp'
Building C object CMakeFiles/cmTC_657da.dir/CheckFunctionExists.c.o
/usr/bin/cc   -fPIC -DCHECK_FUNCTION_EXISTS=pthread_create   -o CMakeFiles/cmTC_657da.dir/CheckFunctionExists.c.o   -c /home/yuchen/clion-2017.3.1/bin/cmake/share/cmake-3.9/Modules/CheckFunctionExists.c
Linking C executable cmTC_657da
/home/yuchen/clion-2017.3.1/bin/cmake/bin/cmake -E cmake_link_script CMakeFiles/cmTC_657da.dir/link.txt --verbose=1
/usr/bin/cc -fPIC -DCHECK_FUNCTION_EXISTS=pthread_create    CMakeFiles/cmTC_657da.dir/CheckFunctionExists.c.o  -o cmTC_657da -lpthreads 
/usr/bin/ld: cannot find -lpthreads
collect2: error: ld returned 1 exit status
CMakeFiles/cmTC_657da.dir/build.make:97: recipe for target 'cmTC_657da' failed
make[1]: *** [cmTC_657da] Error 1
make[1]: Leaving directory '/home/yuchen/SLAMbook/ch5/joinMap/cmake-build-debug/CMakeFiles/CMakeTmp'
Makefile:126: recipe for target 'cmTC_657da/fast' failed
make: *** [cmTC_657da/fast] Error 2


