Determining if the pthread_create exist failed with the following output:
Change Dir: /home/yuchen/SLAMbook/project/0.3/cmake-build-debug/CMakeFiles/CMakeTmp

Run Build Command:"/usr/bin/make" "cmTC_bb39a/fast"
/usr/bin/make -f CMakeFiles/cmTC_bb39a.dir/build.make CMakeFiles/cmTC_bb39a.dir/build
make[1]: Entering directory '/home/yuchen/SLAMbook/project/0.3/cmake-build-debug/CMakeFiles/CMakeTmp'
Building C object CMakeFiles/cmTC_bb39a.dir/CheckSymbolExists.c.o
/usr/bin/cc   -fPIC    -o CMakeFiles/cmTC_bb39a.dir/CheckSymbolExists.c.o   -c /home/yuchen/SLAMbook/project/0.3/cmake-build-debug/CMakeFiles/CMakeTmp/CheckSymbolExists.c
Linking C executable cmTC_bb39a
/home/yuchen/clion-2017.3.1/bin/cmake/bin/cmake -E cmake_link_script CMakeFiles/cmTC_bb39a.dir/link.txt --verbose=1
/usr/bin/cc -fPIC     -rdynamic CMakeFiles/cmTC_bb39a.dir/CheckSymbolExists.c.o  -o cmTC_bb39a 
CMakeFiles/cmTC_bb39a.dir/CheckSymbolExists.c.o: In function `main':
CheckSymbolExists.c:(.text+0x1b): undefined reference to `pthread_create'
collect2: error: ld returned 1 exit status
CMakeFiles/cmTC_bb39a.dir/build.make:97: recipe for target 'cmTC_bb39a' failed
make[1]: *** [cmTC_bb39a] Error 1
make[1]: Leaving directory '/home/yuchen/SLAMbook/project/0.3/cmake-build-debug/CMakeFiles/CMakeTmp'
Makefile:126: recipe for target 'cmTC_bb39a/fast' failed
make: *** [cmTC_bb39a/fast] Error 2

File /home/yuchen/SLAMbook/project/0.3/cmake-build-debug/CMakeFiles/CMakeTmp/CheckSymbolExists.c:
/* */
#include <pthread.h>

int main(int argc, char** argv)
{
  (void)argv;
#ifndef pthread_create
  return ((int*)(&pthread_create))[argc];
#else
  (void)argc;
  return 0;
#endif
}

Determining if the function pthread_create exists in the pthreads failed with the following output:
Change Dir: /home/yuchen/SLAMbook/project/0.3/cmake-build-debug/CMakeFiles/CMakeTmp

Run Build Command:"/usr/bin/make" "cmTC_81627/fast"
/usr/bin/make -f CMakeFiles/cmTC_81627.dir/build.make CMakeFiles/cmTC_81627.dir/build
make[1]: Entering directory '/home/yuchen/SLAMbook/project/0.3/cmake-build-debug/CMakeFiles/CMakeTmp'
Building C object CMakeFiles/cmTC_81627.dir/CheckFunctionExists.c.o
/usr/bin/cc   -fPIC -DCHECK_FUNCTION_EXISTS=pthread_create   -o CMakeFiles/cmTC_81627.dir/CheckFunctionExists.c.o   -c /home/yuchen/clion-2017.3.1/bin/cmake/share/cmake-3.9/Modules/CheckFunctionExists.c
Linking C executable cmTC_81627
/home/yuchen/clion-2017.3.1/bin/cmake/bin/cmake -E cmake_link_script CMakeFiles/cmTC_81627.dir/link.txt --verbose=1
/usr/bin/cc -fPIC -DCHECK_FUNCTION_EXISTS=pthread_create    -rdynamic CMakeFiles/cmTC_81627.dir/CheckFunctionExists.c.o  -o cmTC_81627 -lpthreads 
/usr/bin/ld: cannot find -lpthreads
collect2: error: ld returned 1 exit status
CMakeFiles/cmTC_81627.dir/build.make:97: recipe for target 'cmTC_81627' failed
make[1]: *** [cmTC_81627] Error 1
make[1]: Leaving directory '/home/yuchen/SLAMbook/project/0.3/cmake-build-debug/CMakeFiles/CMakeTmp'
Makefile:126: recipe for target 'cmTC_81627/fast' failed
make: *** [cmTC_81627/fast] Error 2


