Determining if the pthread_create exist failed with the following output:
Change Dir: /home/yuchen/SLAMbook/ch7/pose_estimation_2d2d/cmake-build-debug/CMakeFiles/CMakeTmp

Run Build Command:"/usr/bin/make" "cmTC_44bc0/fast"
/usr/bin/make -f CMakeFiles/cmTC_44bc0.dir/build.make CMakeFiles/cmTC_44bc0.dir/build
make[1]: Entering directory '/home/yuchen/SLAMbook/ch7/pose_estimation_2d2d/cmake-build-debug/CMakeFiles/CMakeTmp'
Building C object CMakeFiles/cmTC_44bc0.dir/CheckSymbolExists.c.o
/usr/bin/cc   -fPIC    -o CMakeFiles/cmTC_44bc0.dir/CheckSymbolExists.c.o   -c /home/yuchen/SLAMbook/ch7/pose_estimation_2d2d/cmake-build-debug/CMakeFiles/CMakeTmp/CheckSymbolExists.c
Linking C executable cmTC_44bc0
/home/yuchen/clion-2017.3.1/bin/cmake/bin/cmake -E cmake_link_script CMakeFiles/cmTC_44bc0.dir/link.txt --verbose=1
/usr/bin/cc -fPIC     -rdynamic CMakeFiles/cmTC_44bc0.dir/CheckSymbolExists.c.o  -o cmTC_44bc0 
CMakeFiles/cmTC_44bc0.dir/CheckSymbolExists.c.o: In function `main':
CheckSymbolExists.c:(.text+0x1b): undefined reference to `pthread_create'
collect2: error: ld returned 1 exit status
CMakeFiles/cmTC_44bc0.dir/build.make:97: recipe for target 'cmTC_44bc0' failed
make[1]: *** [cmTC_44bc0] Error 1
make[1]: Leaving directory '/home/yuchen/SLAMbook/ch7/pose_estimation_2d2d/cmake-build-debug/CMakeFiles/CMakeTmp'
Makefile:126: recipe for target 'cmTC_44bc0/fast' failed
make: *** [cmTC_44bc0/fast] Error 2

File /home/yuchen/SLAMbook/ch7/pose_estimation_2d2d/cmake-build-debug/CMakeFiles/CMakeTmp/CheckSymbolExists.c:
/* */
#include <pthread.h>

int main(int argc, char** argv)
{
  (void)argv;
#ifndef pthread_create
  return ((int*)(&pthread_create))[argc];
#else
  (void)argc;
  return 0;
#endif
}

Determining if the function pthread_create exists in the pthreads failed with the following output:
Change Dir: /home/yuchen/SLAMbook/ch7/pose_estimation_2d2d/cmake-build-debug/CMakeFiles/CMakeTmp

Run Build Command:"/usr/bin/make" "cmTC_61e8c/fast"
/usr/bin/make -f CMakeFiles/cmTC_61e8c.dir/build.make CMakeFiles/cmTC_61e8c.dir/build
make[1]: Entering directory '/home/yuchen/SLAMbook/ch7/pose_estimation_2d2d/cmake-build-debug/CMakeFiles/CMakeTmp'
Building C object CMakeFiles/cmTC_61e8c.dir/CheckFunctionExists.c.o
/usr/bin/cc   -fPIC -DCHECK_FUNCTION_EXISTS=pthread_create   -o CMakeFiles/cmTC_61e8c.dir/CheckFunctionExists.c.o   -c /home/yuchen/clion-2017.3.1/bin/cmake/share/cmake-3.9/Modules/CheckFunctionExists.c
Linking C executable cmTC_61e8c
/home/yuchen/clion-2017.3.1/bin/cmake/bin/cmake -E cmake_link_script CMakeFiles/cmTC_61e8c.dir/link.txt --verbose=1
/usr/bin/cc -fPIC -DCHECK_FUNCTION_EXISTS=pthread_create    -rdynamic CMakeFiles/cmTC_61e8c.dir/CheckFunctionExists.c.o  -o cmTC_61e8c -lpthreads 
/usr/bin/ld: cannot find -lpthreads
collect2: error: ld returned 1 exit status
CMakeFiles/cmTC_61e8c.dir/build.make:97: recipe for target 'cmTC_61e8c' failed
make[1]: *** [cmTC_61e8c] Error 1
make[1]: Leaving directory '/home/yuchen/SLAMbook/ch7/pose_estimation_2d2d/cmake-build-debug/CMakeFiles/CMakeTmp'
Makefile:126: recipe for target 'cmTC_61e8c/fast' failed
make: *** [cmTC_61e8c/fast] Error 2


