Determining if the pthread_create exist failed with the following output:
Change Dir: /home/yuchen/SLAMbook/ch7/pose_estimation_3d3d/cmake-build-debug/CMakeFiles/CMakeTmp

Run Build Command:"/usr/bin/make" "cmTC_506f8/fast"
/usr/bin/make -f CMakeFiles/cmTC_506f8.dir/build.make CMakeFiles/cmTC_506f8.dir/build
make[1]: Entering directory '/home/yuchen/SLAMbook/ch7/pose_estimation_3d3d/cmake-build-debug/CMakeFiles/CMakeTmp'
Building C object CMakeFiles/cmTC_506f8.dir/CheckSymbolExists.c.o
/usr/bin/cc   -fPIC    -o CMakeFiles/cmTC_506f8.dir/CheckSymbolExists.c.o   -c /home/yuchen/SLAMbook/ch7/pose_estimation_3d3d/cmake-build-debug/CMakeFiles/CMakeTmp/CheckSymbolExists.c
Linking C executable cmTC_506f8
/home/yuchen/clion-2017.3.1/bin/cmake/bin/cmake -E cmake_link_script CMakeFiles/cmTC_506f8.dir/link.txt --verbose=1
/usr/bin/cc -fPIC     -rdynamic CMakeFiles/cmTC_506f8.dir/CheckSymbolExists.c.o  -o cmTC_506f8 
CMakeFiles/cmTC_506f8.dir/CheckSymbolExists.c.o: In function `main':
CheckSymbolExists.c:(.text+0x1b): undefined reference to `pthread_create'
collect2: error: ld returned 1 exit status
CMakeFiles/cmTC_506f8.dir/build.make:97: recipe for target 'cmTC_506f8' failed
make[1]: *** [cmTC_506f8] Error 1
make[1]: Leaving directory '/home/yuchen/SLAMbook/ch7/pose_estimation_3d3d/cmake-build-debug/CMakeFiles/CMakeTmp'
Makefile:126: recipe for target 'cmTC_506f8/fast' failed
make: *** [cmTC_506f8/fast] Error 2

File /home/yuchen/SLAMbook/ch7/pose_estimation_3d3d/cmake-build-debug/CMakeFiles/CMakeTmp/CheckSymbolExists.c:
/* */
#include <pthread.h>

int main(int argc, char** argv)
{
  (void)argv;
#ifndef pthread_create
  return ((int*)(&pthread_create))[argc];
#else
  (void)argc;
  return 0;
#endif
}

Determining if the function pthread_create exists in the pthreads failed with the following output:
Change Dir: /home/yuchen/SLAMbook/ch7/pose_estimation_3d3d/cmake-build-debug/CMakeFiles/CMakeTmp

Run Build Command:"/usr/bin/make" "cmTC_b4026/fast"
/usr/bin/make -f CMakeFiles/cmTC_b4026.dir/build.make CMakeFiles/cmTC_b4026.dir/build
make[1]: Entering directory '/home/yuchen/SLAMbook/ch7/pose_estimation_3d3d/cmake-build-debug/CMakeFiles/CMakeTmp'
Building C object CMakeFiles/cmTC_b4026.dir/CheckFunctionExists.c.o
/usr/bin/cc   -fPIC -DCHECK_FUNCTION_EXISTS=pthread_create   -o CMakeFiles/cmTC_b4026.dir/CheckFunctionExists.c.o   -c /home/yuchen/clion-2017.3.1/bin/cmake/share/cmake-3.9/Modules/CheckFunctionExists.c
Linking C executable cmTC_b4026
/home/yuchen/clion-2017.3.1/bin/cmake/bin/cmake -E cmake_link_script CMakeFiles/cmTC_b4026.dir/link.txt --verbose=1
/usr/bin/cc -fPIC -DCHECK_FUNCTION_EXISTS=pthread_create    -rdynamic CMakeFiles/cmTC_b4026.dir/CheckFunctionExists.c.o  -o cmTC_b4026 -lpthreads 
/usr/bin/ld: cannot find -lpthreads
collect2: error: ld returned 1 exit status
CMakeFiles/cmTC_b4026.dir/build.make:97: recipe for target 'cmTC_b4026' failed
make[1]: *** [cmTC_b4026] Error 1
make[1]: Leaving directory '/home/yuchen/SLAMbook/ch7/pose_estimation_3d3d/cmake-build-debug/CMakeFiles/CMakeTmp'
Makefile:126: recipe for target 'cmTC_b4026/fast' failed
make: *** [cmTC_b4026/fast] Error 2


