Determining if the pthread_create exist failed with the following output:
Change Dir: /home/yuchen/SLAMbook/ch7/pose_estimation_3d2d/cmake-build-debug/CMakeFiles/CMakeTmp

Run Build Command:"/usr/bin/make" "cmTC_119d6/fast"
/usr/bin/make -f CMakeFiles/cmTC_119d6.dir/build.make CMakeFiles/cmTC_119d6.dir/build
make[1]: Entering directory '/home/yuchen/SLAMbook/ch7/pose_estimation_3d2d/cmake-build-debug/CMakeFiles/CMakeTmp'
Building C object CMakeFiles/cmTC_119d6.dir/CheckSymbolExists.c.o
/usr/bin/cc   -fPIC    -o CMakeFiles/cmTC_119d6.dir/CheckSymbolExists.c.o   -c /home/yuchen/SLAMbook/ch7/pose_estimation_3d2d/cmake-build-debug/CMakeFiles/CMakeTmp/CheckSymbolExists.c
Linking C executable cmTC_119d6
/home/yuchen/clion-2017.3.1/bin/cmake/bin/cmake -E cmake_link_script CMakeFiles/cmTC_119d6.dir/link.txt --verbose=1
/usr/bin/cc -fPIC     -rdynamic CMakeFiles/cmTC_119d6.dir/CheckSymbolExists.c.o  -o cmTC_119d6 
CMakeFiles/cmTC_119d6.dir/CheckSymbolExists.c.o: In function `main':
CheckSymbolExists.c:(.text+0x1b): undefined reference to `pthread_create'
collect2: error: ld returned 1 exit status
CMakeFiles/cmTC_119d6.dir/build.make:97: recipe for target 'cmTC_119d6' failed
make[1]: *** [cmTC_119d6] Error 1
make[1]: Leaving directory '/home/yuchen/SLAMbook/ch7/pose_estimation_3d2d/cmake-build-debug/CMakeFiles/CMakeTmp'
Makefile:126: recipe for target 'cmTC_119d6/fast' failed
make: *** [cmTC_119d6/fast] Error 2

File /home/yuchen/SLAMbook/ch7/pose_estimation_3d2d/cmake-build-debug/CMakeFiles/CMakeTmp/CheckSymbolExists.c:
/* */
#include <pthread.h>

int main(int argc, char** argv)
{
  (void)argv;
#ifndef pthread_create
  return ((int*)(&pthread_create))[argc];
#else
  (void)argc;
  return 0;
#endif
}

Determining if the function pthread_create exists in the pthreads failed with the following output:
Change Dir: /home/yuchen/SLAMbook/ch7/pose_estimation_3d2d/cmake-build-debug/CMakeFiles/CMakeTmp

Run Build Command:"/usr/bin/make" "cmTC_e65db/fast"
/usr/bin/make -f CMakeFiles/cmTC_e65db.dir/build.make CMakeFiles/cmTC_e65db.dir/build
make[1]: Entering directory '/home/yuchen/SLAMbook/ch7/pose_estimation_3d2d/cmake-build-debug/CMakeFiles/CMakeTmp'
Building C object CMakeFiles/cmTC_e65db.dir/CheckFunctionExists.c.o
/usr/bin/cc   -fPIC -DCHECK_FUNCTION_EXISTS=pthread_create   -o CMakeFiles/cmTC_e65db.dir/CheckFunctionExists.c.o   -c /home/yuchen/clion-2017.3.1/bin/cmake/share/cmake-3.9/Modules/CheckFunctionExists.c
Linking C executable cmTC_e65db
/home/yuchen/clion-2017.3.1/bin/cmake/bin/cmake -E cmake_link_script CMakeFiles/cmTC_e65db.dir/link.txt --verbose=1
/usr/bin/cc -fPIC -DCHECK_FUNCTION_EXISTS=pthread_create    -rdynamic CMakeFiles/cmTC_e65db.dir/CheckFunctionExists.c.o  -o cmTC_e65db -lpthreads 
/usr/bin/ld: cannot find -lpthreads
collect2: error: ld returned 1 exit status
CMakeFiles/cmTC_e65db.dir/build.make:97: recipe for target 'cmTC_e65db' failed
make[1]: *** [cmTC_e65db] Error 1
make[1]: Leaving directory '/home/yuchen/SLAMbook/ch7/pose_estimation_3d2d/cmake-build-debug/CMakeFiles/CMakeTmp'
Makefile:126: recipe for target 'cmTC_e65db/fast' failed
make: *** [cmTC_e65db/fast] Error 2


